<?xml version="1.0" encoding="UTF-8"?>
<coverage generated="1706076665887" clover="3.2.0">
  <project timestamp="1706076665887" name="All files">
    <metrics statements="27" coveredstatements="13" conditionals="6" coveredconditionals="2" methods="7" coveredmethods="3" elements="40" coveredelements="18" complexity="0" loc="27" ncloc="27" packages="1" files="1" classes="1"/>
    <file name="App.tsx" path="/Users/tkstart/Desktop/workspace/docker-fullstack-app/frontend/src/App.tsx">
      <metrics statements="27" coveredstatements="13" conditionals="6" coveredconditionals="2" methods="7" coveredmethods="3"/>
      <line num="1" count="1" type="stmt"/>
      <line num="2" count="1" type="stmt"/>
      <line num="3" count="1" type="stmt"/>
      <line num="4" count="1" type="stmt"/>
      <line num="12" count="1" type="stmt"/>
      <line num="13" count="1" type="stmt"/>
      <line num="14" count="1" type="stmt"/>
      <line num="15" count="0" type="stmt"/>
      <line num="18" count="1" type="stmt"/>
      <line num="19" count="0" type="stmt"/>
      <line num="20" count="0" type="stmt"/>
      <line num="28" count="0" type="cond" truecount="0" falsecount="2"/>
      <line num="30" count="0" type="stmt"/>
      <line num="31" count="0" type="cond" truecount="0" falsecount="1"/>
      <line num="32" count="0" type="stmt"/>
      <line num="33" count="0" type="stmt"/>
      <line num="39" count="0" type="stmt"/>
      <line num="41" count="0" type="stmt"/>
      <line num="44" count="1" type="stmt"/>
      <line num="45" count="1" type="stmt"/>
      <line num="46" count="1" type="stmt"/>
      <line num="47" count="0" type="cond" truecount="0" falsecount="1"/>
      <line num="48" count="0" type="stmt"/>
      <line num="49" count="0" type="stmt"/>
      <line num="53" count="1" type="stmt"/>
      <line num="65" count="0" type="cond" truecount="2" falsecount="0"/>
      <line num="82" count="1" type="stmt"/>
    </file>
  </project>
</coverage>
