TN:
SF:src/App.tsx
FN:11,App
FN:14,(anonymous_2)
FN:18,(anonymous_3)
FN:33,(anonymous_4)
FN:44,(anonymous_5)
FN:45,(anonymous_6)
FN:65,(anonymous_7)
FNF:7
FNH:3
FNDA:1,App
FNDA:0,(anonymous_2)
FNDA:0,(anonymous_3)
FNDA:0,(anonymous_4)
FNDA:1,(anonymous_5)
FNDA:1,(anonymous_6)
FNDA:0,(anonymous_7)
DA:1,1
DA:2,1
DA:3,1
DA:4,1
DA:12,1
DA:13,1
DA:14,1
DA:15,0
DA:18,1
DA:19,0
DA:20,0
DA:28,0
DA:30,0
DA:31,0
DA:32,0
DA:33,0
DA:39,0
DA:41,0
DA:44,1
DA:45,1
DA:46,1
DA:47,0
DA:48,0
DA:49,0
DA:53,1
DA:65,0
DA:82,1
LF:27
LH:13
BRDA:28,0,0,0
BRDA:28,0,1,0
BRDA:31,1,0,0
BRDA:47,2,0,0
BRDA:65,3,0,1
BRDA:65,3,1,1
BRF:6
BRH:2
end_of_record
